# JRE version: OpenJDK Runtime Environment (8.0_252-b09) (build 1.8.0_252-8u252-b09-1~16.04-b09)
# Java VM: OpenJDK 64-Bit Server VM (25.252-b09 mixed mode linux-amd64 compressed oops)
Heap:
 PSYoungGen      total 412672K, used 0K [0x00000000d5580000, 0x0000000100000000, 0x0000000100000000)
  eden space 232960K, 0% used [0x00000000d5580000,0x00000000d5580000,0x00000000e3900000)
  from space 179712K, 0% used [0x00000000f5080000,0x00000000f5080000,0x0000000100000000)
  to   space 232960K, 0% used [0x00000000e3900000,0x00000000e3900000,0x00000000f1c80000)
 ParOldGen       total 1077248K, used 963670K [0x0000000080000000, 0x00000000c1c00000, 0x00000000d5580000)
  object space 1077248K, 89% used [0x0000000080000000,0x00000000bad158d8,0x00000000c1c00000)
 Metaspace       used 64862K, capacity 66658K, committed 67072K, reserved 1107968K
  class space    used 8714K, capacity 9101K, committed 9216K, reserved 1048576K
GC Heap History (10 events):
Event: 82.514 GC heap after
Heap after GC invocations=42 (full 8):
 PSYoungGen      total 523264K, used 15908K [0x00000000d5580000, 0x00000000ffd00000, 0x0000000100000000)
  eden space 357888K, 0% used [0x00000000d5580000,0x00000000d5580000,0x00000000eb300000)
  from space 165376K, 9% used [0x00000000f5b80000,0x00000000f6b092c8,0x00000000ffd00000)
  to   space 168960K, 0% used [0x00000000eb300000,0x00000000eb300000,0x00000000f5800000)
 ParOldGen       total 972288K, used 653803K [0x0000000080000000, 0x00000000bb580000, 0x00000000d5580000)
  object space 972288K, 67% used [0x0000000080000000,0x00000000a7e7adc0,0x00000000bb580000)
 Metaspace       used 64859K, capacity 66658K, committed 67072K, reserved 1107968K
  class space    used 8714K, capacity 9101K, committed 9216K, reserved 1048576K
}
Event: 83.427 GC heap before
{Heap before GC invocations=43 (full 8):
 PSYoungGen      total 523264K, used 373796K [0x00000000d5580000, 0x00000000ffd00000, 0x0000000100000000)
  eden space 357888K, 100% used [0x00000000d5580000,0x00000000eb300000,0x00000000eb300000)
  from space 165376K, 9% used [0x00000000f5b80000,0x00000000f6b092c8,0x00000000ffd00000)
  to   space 168960K, 0% used [0x00000000eb300000,0x00000000eb300000,0x00000000f5800000)
 ParOldGen       total 972288K, used 653803K [0x0000000080000000, 0x00000000bb580000, 0x00000000d5580000)
  object space 972288K, 67% used [0x0000000080000000,0x00000000a7e7adc0,0x00000000bb580000)
 Metaspace       used 64862K, capacity 66658K, committed 67072K, reserved 1107968K
  class space    used 8714K, capacity 9101K, committed 9216K, reserved 1048576K
Event: 83.551 GC heap after
Heap after GC invocations=43 (full 8):
 PSYoungGen      total 526848K, used 40591K [0x00000000d5580000, 0x00000000ff980000, 0x0000000100000000)
  eden space 357888K, 0% used [0x00000000d5580000,0x00000000d5580000,0x00000000eb300000)
  from space 168960K, 24% used [0x00000000eb300000,0x00000000edaa3e18,0x00000000f5800000)
  to   space 163840K, 0% used [0x00000000f5980000,0x00000000f5980000,0x00000000ff980000)
 ParOldGen       total 972288K, used 669152K [0x0000000080000000, 0x00000000bb580000, 0x00000000d5580000)
  object space 972288K, 68% used [0x0000000080000000,0x00000000a8d78088,0x00000000bb580000)
 Metaspace       used 64862K, capacity 66658K, committed 67072K, reserved 1107968K
  class space    used 8714K, capacity 9101K, committed 9216K, reserved 1048576K
}
Event: 84.799 GC heap before
{Heap before GC invocations=44 (full 8):
 PSYoungGen      total 526848K, used 398479K [0x00000000d5580000, 0x00000000ff980000, 0x0000000100000000)
  eden space 357888K, 100% used [0x00000000d5580000,0x00000000eb300000,0x00000000eb300000)
  from space 168960K, 24% used [0x00000000eb300000,0x00000000edaa3e18,0x00000000f5800000)
  to   space 163840K, 0% used [0x00000000f5980000,0x00000000f5980000,0x00000000ff980000)
 ParOldGen       total 972288K, used 669152K [0x0000000080000000, 0x00000000bb580000, 0x00000000d5580000)
  object space 972288K, 68% used [0x0000000080000000,0x00000000a8d78088,0x00000000bb580000)
 Metaspace       used 64862K, capacity 66658K, committed 67072K, reserved 1107968K
  class space    used 8714K, capacity 9101K, committed 9216K, reserved 1048576K
Event: 84.938 GC heap after
Heap after GC invocations=44 (full 8):
 PSYoungGen      total 522240K, used 35696K [0x00000000d5580000, 0x00000000ff200000, 0x0000000100000000)
  eden space 366080K, 0% used [0x00000000d5580000,0x00000000d5580000,0x00000000ebb00000)
  from space 156160K, 22% used [0x00000000f5980000,0x00000000f7c5c010,0x00000000ff200000)
  to   space 159232K, 0% used [0x00000000ebb00000,0x00000000ebb00000,0x00000000f5680000)
 ParOldGen       total 972288K, used 709791K [0x0000000080000000, 0x00000000bb580000, 0x00000000d5580000)
  object space 972288K, 73% used [0x0000000080000000,0x00000000ab527ea0,0x00000000bb580000)
 Metaspace       used 64862K, capacity 66658K, committed 67072K, reserved 1107968K
  class space    used 8714K, capacity 9101K, committed 9216K, reserved 1048576K
}
Event: 85.872 GC heap before
{Heap before GC invocations=45 (full 8):
 PSYoungGen      total 522240K, used 401776K [0x00000000d5580000, 0x00000000ff200000, 0x0000000100000000)
  eden space 366080K, 100% used [0x00000000d5580000,0x00000000ebb00000,0x00000000ebb00000)
  from space 156160K, 22% used [0x00000000f5980000,0x00000000f7c5c010,0x00000000ff200000)
  to   space 159232K, 0% used [0x00000000ebb00000,0x00000000ebb00000,0x00000000f5680000)
 ParOldGen       total 972288K, used 709791K [0x0000000080000000, 0x00000000bb580000, 0x00000000d5580000)
  object space 972288K, 73% used [0x0000000080000000,0x00000000ab527ea0,0x00000000bb580000)
 Metaspace       used 64862K, capacity 66658K, committed 67072K, reserved 1107968K
  class space    used 8714K, capacity 9101K, committed 9216K, reserved 1048576K
Event: 86.008 GC heap after
Heap after GC invocations=45 (full 8):
 PSYoungGen      total 510976K, used 144705K [0x00000000d5580000, 0x0000000100000000, 0x0000000100000000)
  eden space 366080K, 0% used [0x00000000d5580000,0x00000000d5580000,0x00000000ebb00000)
  from space 144896K, 99% used [0x00000000ebb00000,0x00000000f48504f8,0x00000000f4880000)
  to   space 179712K, 0% used [0x00000000f5080000,0x00000000f5080000,0x0000000100000000)
 ParOldGen       total 972288K, used 744911K [0x0000000080000000, 0x00000000bb580000, 0x00000000d5580000)
  object space 972288K, 76% used [0x0000000080000000,0x00000000ad773fc8,0x00000000bb580000)
 Metaspace       used 64862K, capacity 66658K, committed 67072K, reserved 1107968K
  class space    used 8714K, capacity 9101K, committed 9216K, reserved 1048576K
}
Event: 86.408 GC heap before
{Heap before GC invocations=46 (full 8):
 PSYoungGen      total 510976K, used 510785K [0x00000000d5580000, 0x0000000100000000, 0x0000000100000000)
  eden space 366080K, 100% used [0x00000000d5580000,0x00000000ebb00000,0x00000000ebb00000)
  from space 144896K, 99% used [0x00000000ebb00000,0x00000000f48504f8,0x00000000f4880000)
  to   space 179712K, 0% used [0x00000000f5080000,0x00000000f5080000,0x0000000100000000)
 ParOldGen       total 972288K, used 744911K [0x0000000080000000, 0x00000000bb580000, 0x00000000d5580000)
  object space 972288K, 76% used [0x0000000080000000,0x00000000ad773fc8,0x00000000bb580000)
 Metaspace       used 64862K, capacity 66658K, committed 67072K, reserved 1107968K
  class space    used 8714K, capacity 9101K, committed 9216K, reserved 1048576K
Event: 90.540 GC heap after
Heap after GC invocations=46 (full 8):
 PSYoungGen      total 412672K, used 179693K [0x00000000d5580000, 0x0000000100000000, 0x0000000100000000)
  eden space 232960K, 0% used [0x00000000d5580000,0x00000000d5580000,0x00000000e3900000)
  from space 179712K, 99% used [0x00000000f5080000,0x00000000ffffb540,0x0000000100000000)
  to   space 232960K, 0% used [0x00000000e3900000,0x00000000e3900000,0x00000000f1c80000)
 ParOldGen       total 1077248K, used 1074043K [0x0000000080000000, 0x00000000c1c00000, 0x00000000d5580000)
  object space 1077248K, 99% used [0x0000000080000000,0x00000000c18dec00,0x00000000c1c00000)
 Metaspace       used 64862K, capacity 66658K, committed 67072K, reserved 1107968K
  class space    used 8714K, capacity 9101K, committed 9216K, reserved 1048576K
}
Event: 90.710 GC heap before
{Heap before GC invocations=47 (full 9):
 PSYoungGen      total 412672K, used 179693K [0x00000000d5580000, 0x0000000100000000, 0x0000000100000000)
  eden space 232960K, 0% used [0x00000000d5580000,0x00000000d5580000,0x00000000e3900000)
  from space 179712K, 99% used [0x00000000f5080000,0x00000000ffffb540,0x0000000100000000)
  to   space 232960K, 0% used [0x00000000e3900000,0x00000000e3900000,0x00000000f1c80000)
 ParOldGen       total 1077248K, used 1074043K [0x0000000080000000, 0x00000000c1c00000, 0x00000000d5580000)
  object space 1077248K, 99% used [0x0000000080000000,0x00000000c18dec00,0x00000000c1c00000)
 Metaspace       used 64862K, capacity 66658K, committed 67072K, reserved 1107968K
  class space    used 8714K, capacity 9101K, committed 9216K, reserved 1048576K

