# JRE version: OpenJDK Runtime Environment (8.0_252-b09) (build 1.8.0_252-8u252-b09-1~16.04-b09)
# Java VM: OpenJDK 64-Bit Server VM (25.252-b09 mixed mode linux-amd64 compressed oops)
Heap:
 PSYoungGen      total 477184K, used 47899K [0x00000000d5580000, 0x00000000ff900000, 0x0000000100000000)
  eden space 255488K, 0% used [0x00000000d5580000,0x00000000d5580000,0x00000000e4f00000)
  from space 221696K, 21% used [0x00000000e4f00000,0x00000000e7dc6ce8,0x00000000f2780000)
  to   space 210944K, 0% used [0x00000000f2b00000,0x00000000f2b00000,0x00000000ff900000)
 ParOldGen       total 872448K, used 872316K [0x0000000080000000, 0x00000000b5400000, 0x00000000d5580000)
  object space 872448K, 99% used [0x0000000080000000,0x00000000b53df138,0x00000000b5400000)
 Metaspace       used 66438K, capacity 68174K, committed 68352K, reserved 1107968K
  class space    used 8815K, capacity 9187K, committed 9216K, reserved 1048576K
GC Heap History (10 events):
Event: 54.609 GC heap after
Heap after GC invocations=21 (full 6):
 PSYoungGen      total 485376K, used 56338K [0x00000000d5580000, 0x0000000100000000, 0x0000000100000000)
  eden space 271872K, 0% used [0x00000000d5580000,0x00000000d5580000,0x00000000e5f00000)
  from space 213504K, 26% used [0x00000000e5f00000,0x00000000e9604b80,0x00000000f2f80000)
  to   space 202752K, 0% used [0x00000000f3a00000,0x00000000f3a00000,0x0000000100000000)
 ParOldGen       total 872448K, used 591884K [0x0000000080000000, 0x00000000b5400000, 0x00000000d5580000)
  object space 872448K, 67% used [0x0000000080000000,0x00000000a4203310,0x00000000b5400000)
 Metaspace       used 66409K, capacity 68110K, committed 68352K, reserved 1107968K
  class space    used 8815K, capacity 9187K, committed 9216K, reserved 1048576K
}
Event: 55.301 GC heap before
{Heap before GC invocations=22 (full 6):
 PSYoungGen      total 485376K, used 328210K [0x00000000d5580000, 0x0000000100000000, 0x0000000100000000)
  eden space 271872K, 100% used [0x00000000d5580000,0x00000000e5f00000,0x00000000e5f00000)
  from space 213504K, 26% used [0x00000000e5f00000,0x00000000e9604b80,0x00000000f2f80000)
  to   space 202752K, 0% used [0x00000000f3a00000,0x00000000f3a00000,0x0000000100000000)
 ParOldGen       total 872448K, used 591887K [0x0000000080000000, 0x00000000b5400000, 0x00000000d5580000)
  object space 872448K, 67% used [0x0000000080000000,0x00000000a4203c90,0x00000000b5400000)
 Metaspace       used 66424K, capacity 68174K, committed 68352K, reserved 1107968K
  class space    used 8815K, capacity 9187K, committed 9216K, reserved 1048576K
Event: 55.699 GC heap after
Heap after GC invocations=22 (full 6):
 PSYoungGen      total 450048K, used 76708K [0x00000000d5580000, 0x00000000fdd80000, 0x0000000100000000)
  eden space 282624K, 0% used [0x00000000d5580000,0x00000000d5580000,0x00000000e6980000)
  from space 167424K, 45% used [0x00000000f3a00000,0x00000000f84e9350,0x00000000fdd80000)
  to   space 190464K, 0% used [0x00000000e6980000,0x00000000e6980000,0x00000000f2380000)
 ParOldGen       total 872448K, used 644798K [0x0000000080000000, 0x00000000b5400000, 0x00000000d5580000)
  object space 872448K, 73% used [0x0000000080000000,0x00000000a75afb20,0x00000000b5400000)
 Metaspace       used 66424K, capacity 68174K, committed 68352K, reserved 1107968K
  class space    used 8815K, capacity 9187K, committed 9216K, reserved 1048576K
}
Event: 56.478 GC heap before
{Heap before GC invocations=23 (full 6):
 PSYoungGen      total 450048K, used 359332K [0x00000000d5580000, 0x00000000fdd80000, 0x0000000100000000)
  eden space 282624K, 100% used [0x00000000d5580000,0x00000000e6980000,0x00000000e6980000)
  from space 167424K, 45% used [0x00000000f3a00000,0x00000000f84e9350,0x00000000fdd80000)
  to   space 190464K, 0% used [0x00000000e6980000,0x00000000e6980000,0x00000000f2380000)
 ParOldGen       total 872448K, used 644799K [0x0000000080000000, 0x00000000b5400000, 0x00000000d5580000)
  object space 872448K, 73% used [0x0000000080000000,0x00000000a75afc00,0x00000000b5400000)
 Metaspace       used 66434K, capacity 68174K, committed 68352K, reserved 1107968K
  class space    used 8815K, capacity 9187K, committed 9216K, reserved 1048576K
Event: 56.687 GC heap after
Heap after GC invocations=23 (full 6):
 PSYoungGen      total 473088K, used 150789K [0x00000000d5580000, 0x0000000100000000, 0x0000000100000000)
  eden space 282624K, 0% used [0x00000000d5580000,0x00000000d5580000,0x00000000e6980000)
  from space 190464K, 79% used [0x00000000e6980000,0x00000000efcc1628,0x00000000f2380000)
  to   space 207360K, 0% used [0x00000000f3580000,0x00000000f3580000,0x0000000100000000)
 ParOldGen       total 872448K, used 644799K [0x0000000080000000, 0x00000000b5400000, 0x00000000d5580000)
  object space 872448K, 73% used [0x0000000080000000,0x00000000a75afc00,0x00000000b5400000)
 Metaspace       used 66434K, capacity 68174K, committed 68352K, reserved 1107968K
  class space    used 8815K, capacity 9187K, committed 9216K, reserved 1048576K
}
Event: 57.390 GC heap before
{Heap before GC invocations=24 (full 6):
 PSYoungGen      total 473088K, used 433413K [0x00000000d5580000, 0x0000000100000000, 0x0000000100000000)
  eden space 282624K, 100% used [0x00000000d5580000,0x00000000e6980000,0x00000000e6980000)
  from space 190464K, 79% used [0x00000000e6980000,0x00000000efcc1628,0x00000000f2380000)
  to   space 207360K, 0% used [0x00000000f3580000,0x00000000f3580000,0x0000000100000000)
 ParOldGen       total 872448K, used 644822K [0x0000000080000000, 0x00000000b5400000, 0x00000000d5580000)
  object space 872448K, 73% used [0x0000000080000000,0x00000000a75b5858,0x00000000b5400000)
 Metaspace       used 66438K, capacity 68174K, committed 68352K, reserved 1107968K
  class space    used 8815K, capacity 9187K, committed 9216K, reserved 1048576K
Event: 57.746 GC heap after
Heap after GC invocations=24 (full 6):
 PSYoungGen      total 462848K, used 153647K [0x00000000d5580000, 0x0000000100000000, 0x0000000100000000)
  eden space 255488K, 0% used [0x00000000d5580000,0x00000000d5580000,0x00000000e4f00000)
  from space 207360K, 74% used [0x00000000f3580000,0x00000000fcb8bc40,0x0000000100000000)
  to   space 221696K, 0% used [0x00000000e4f00000,0x00000000e4f00000,0x00000000f2780000)
 ParOldGen       total 872448K, used 717214K [0x0000000080000000, 0x00000000b5400000, 0x00000000d5580000)
  object space 872448K, 82% used [0x0000000080000000,0x00000000abc67858,0x00000000b5400000)
 Metaspace       used 66438K, capacity 68174K, committed 68352K, reserved 1107968K
  class space    used 8815K, capacity 9187K, committed 9216K, reserved 1048576K
}
Event: 58.462 GC heap before
{Heap before GC invocations=25 (full 6):
 PSYoungGen      total 462848K, used 409135K [0x00000000d5580000, 0x0000000100000000, 0x0000000100000000)
  eden space 255488K, 100% used [0x00000000d5580000,0x00000000e4f00000,0x00000000e4f00000)
  from space 207360K, 74% used [0x00000000f3580000,0x00000000fcb8bc40,0x0000000100000000)
  to   space 221696K, 0% used [0x00000000e4f00000,0x00000000e4f00000,0x00000000f2780000)
 ParOldGen       total 872448K, used 717222K [0x0000000080000000, 0x00000000b5400000, 0x00000000d5580000)
  object space 872448K, 82% used [0x0000000080000000,0x00000000abc698c8,0x00000000b5400000)
 Metaspace       used 66438K, capacity 68174K, committed 68352K, reserved 1107968K
  class space    used 8815K, capacity 9187K, committed 9216K, reserved 1048576K
Event: 58.870 GC heap after
Heap after GC invocations=25 (full 6):
 PSYoungGen      total 477184K, used 72841K [0x00000000d5580000, 0x00000000ff900000, 0x0000000100000000)
  eden space 255488K, 0% used [0x00000000d5580000,0x00000000d5580000,0x00000000e4f00000)
  from space 221696K, 32% used [0x00000000e4f00000,0x00000000e9622558,0x00000000f2780000)
  to   space 210944K, 0% used [0x00000000f2b00000,0x00000000f2b00000,0x00000000ff900000)
 ParOldGen       total 872448K, used 868463K [0x0000000080000000, 0x00000000b5400000, 0x00000000d5580000)
  object space 872448K, 99% used [0x0000000080000000,0x00000000b501bc30,0x00000000b5400000)
 Metaspace       used 66438K, capacity 68174K, committed 68352K, reserved 1107968K
  class space    used 8815K, capacity 9187K, committed 9216K, reserved 1048576K
}
Event: 58.870 GC heap before
{Heap before GC invocations=26 (full 7):
 PSYoungGen      total 477184K, used 72841K [0x00000000d5580000, 0x00000000ff900000, 0x0000000100000000)
  eden space 255488K, 0% used [0x00000000d5580000,0x00000000d5580000,0x00000000e4f00000)
  from space 221696K, 32% used [0x00000000e4f00000,0x00000000e9622558,0x00000000f2780000)
  to   space 210944K, 0% used [0x00000000f2b00000,0x00000000f2b00000,0x00000000ff900000)
 ParOldGen       total 872448K, used 868463K [0x0000000080000000, 0x00000000b5400000, 0x00000000d5580000)
  object space 872448K, 99% used [0x0000000080000000,0x00000000b501bc30,0x00000000b5400000)
 Metaspace       used 66438K, capacity 68174K, committed 68352K, reserved 1107968K
  class space    used 8815K, capacity 9187K, committed 9216K, reserved 1048576K

